<?xml version="1.0" encoding="UTF-8"?>
<testng-results ignored="0" total="2" passed="2" failed="0" skipped="0">
  <reporter-output>
  </reporter-output>
  <suite started-at="2024-06-05T15:37:53 IST" name="Surefire suite" finished-at="2024-06-05T15:38:00 IST" duration-ms="6450">
    <groups>
    </groups>
    <test started-at="2024-06-05T15:37:53 IST" name="Surefire test" finished-at="2024-06-05T15:38:00 IST" duration-ms="6450">
      <class name="mystore.testcases.TC_Searchproduct">
        <test-method is-config="true" signature="setup()[pri:0, instance:mystore.testcases.TC_Searchproduct@161479c6]" started-at="2024-06-05T15:37:53 IST" name="setup" finished-at="2024-06-05T15:37:57 IST" duration-ms="3816" status="PASS">
          <reporter-output>
          </reporter-output>
        </test-method> <!-- setup -->
        <test-method signature="searchvalidproduct(java.lang.String)[pri:1, instance:mystore.testcases.TC_Searchproduct@161479c6]" started-at="2024-06-05T15:37:58 IST" name="searchvalidproduct" data-provider="datasupplier" finished-at="2024-06-05T15:37:59 IST" duration-ms="706" status="PASS">
          <params>
            <param index="0">
              <value>
                <![CDATA[Hp]]>
              </value>
            </param>
          </params>
          <reporter-output>
          </reporter-output>
        </test-method> <!-- searchvalidproduct -->
        <test-method signature="searchinvalidproduct(java.lang.String)[pri:2, instance:mystore.testcases.TC_Searchproduct@161479c6]" started-at="2024-06-05T15:37:59 IST" name="searchinvalidproduct" data-provider="datasupplier" finished-at="2024-06-05T15:38:00 IST" duration-ms="439" status="PASS">
          <params>
            <param index="0">
              <value>
                <![CDATA[Honda]]>
              </value>
            </param>
          </params>
          <reporter-output>
          </reporter-output>
        </test-method> <!-- searchinvalidproduct -->
        <test-method is-config="true" signature="teardown()[pri:0, instance:mystore.testcases.TC_Searchproduct@161479c6]" started-at="2024-06-05T15:38:00 IST" name="teardown" finished-at="2024-06-05T15:38:00 IST" duration-ms="254" status="PASS">
          <reporter-output>
          </reporter-output>
        </test-method> <!-- teardown -->
      </class> <!-- mystore.testcases.TC_Searchproduct -->
    </test> <!-- Surefire test -->
  </suite> <!-- Surefire suite -->
</testng-results>
