<?xml version="1.0" encoding="UTF-8"?>
<testsuite xmlns:xsi="http://www.w3.org/2001/XMLSchema-instance" xsi:noNamespaceSchemaLocation="https://maven.apache.org/surefire/maven-surefire-plugin/xsd/surefire-test-report-3.0.xsd" version="3.0" name="TestSuite" time="109.595" tests="11" errors="0" skipped="0" failures="0">
  <properties>
[...]
</properties>
  <testcase name="verifylogin[devadiga, 8553745510, 123456789, 123456789](1)" classname="mystore.testcases.TC_AccountLogin" time="2.524">
    <system-out><![CDATA[On Start method invoked....
1
4
devadiga
8553745510
123456789
123456789
Name of test method started:verifylogin
[INFO ] 2024-06-06 15:19:32.522 [main] MyStore - ***************TestCase Verify Registration and Login starts*****************
[INFO ] 2024-06-06 15:19:32.663 [main] MyStore - clicked on myaccount button
[INFO ] 2024-06-06 15:19:33.076 [main] MyStore - clicked on register button
[INFO ] 2024-06-06 15:19:33.259 [main] MyStore - entered firstname
[INFO ] 2024-06-06 15:19:33.366 [main] MyStore - entered lastname
[INFO ] 2024-06-06 15:19:33.515 [main] MyStore - entered emailid
[INFO ] 2024-06-06 15:19:33.637 [main] MyStore - entered telephone no
[INFO ] 2024-06-06 15:19:33.743 [main] MyStore - entered password
[INFO ] 2024-06-06 15:19:33.851 [main] MyStore - entered confirmpasswod
[INFO ] 2024-06-06 15:19:33.936 [main] MyStore - clicked on privacychckbx
[INFO ] 2024-06-06 15:19:34.443 [main] MyStore - clicked on continue button
[INFO ] 2024-06-06 15:19:34.601 [main] MyStore - Clicked on MyAccount button
[INFO ] 2024-06-06 15:19:34.962 [main] MyStore - Clicked on Logout button
[INFO ] 2024-06-06 15:19:35.020 [main] MyStore - account logged out
[INFO ] 2024-06-06 15:19:35.020 [main] MyStore - -------------------TESTCASE PASSED----------------------
Name of test method sucessfully executed:verifylogin
]]></system-out>
    <system-err><![CDATA[SLF4J: Failed to load class "org.slf4j.impl.StaticLoggerBinder".
SLF4J: Defaulting to no-operation (NOP) logger implementation
SLF4J: See http://www.slf4j.org/codes.html#StaticLoggerBinder for further details.
Jun 06, 2024 3:19:29 PM org.openqa.selenium.devtools.CdpVersionFinder findNearestMatch
WARNING: Unable to find an exact match for CDP version 125, returning the closest version; found: 123; Please update to a Selenium version that supports CDP version 125
]]></system-err>
  </testcase>
  <testcase name="LoginTest[devadigab@gmail.com, 123456789](1)" classname="mystore.testcases.TC_AccountLogin" time="1.531">
    <system-out><![CDATA[1
2
devadigab@gmail.com
123456789
Name of test method started:LoginTest
[INFO ] 2024-06-06 15:19:35.193 [main] MyStore - ***************TestCase Login with username and password starts*****************
[INFO ] 2024-06-06 15:19:35.271 [main] MyStore - Clicked on MyAccount button
[INFO ] 2024-06-06 15:19:35.546 [main] MyStore - Clicked on Loginbutton
[INFO ] 2024-06-06 15:19:35.678 [main] MyStore - Entered Email id 
[INFO ] 2024-06-06 15:19:35.783 [main] MyStore - Entered password 
[INFO ] 2024-06-06 15:19:36.266 [main] MyStore - Clicked on login button
[INFO ] 2024-06-06 15:19:36.360 [main] MyStore - Clicked on MyAccount button
[INFO ] 2024-06-06 15:19:36.686 [main] MyStore - Clicked on Logout button
[INFO ] 2024-06-06 15:19:36.726 [main] MyStore - testcase passed
Name of test method sucessfully executed:LoginTest
]]></system-out>
  </testcase>
  <testcase name="AddToWishList[ramesh1234@gmail.com, 123456789](1)" classname="mystore.testcases.TC_AddProductToWishlist" time="12.894">
    <system-out><![CDATA[1
2
ramesh1234@gmail.com
123456789
Name of test method started:AddToWishList
[INFO ] 2024-06-06 15:19:39.286 [main] MyStore - ***************TestCase ADD TO Wishlist STARTS*****************
[INFO ] 2024-06-06 15:19:39.391 [main] MyStore - Clicked on MyAccount button
[INFO ] 2024-06-06 15:19:39.664 [main] MyStore - Clicked on Loginbutton
[INFO ] 2024-06-06 15:19:39.931 [main] MyStore - Entered Email id 
[INFO ] 2024-06-06 15:19:40.036 [main] MyStore - Entered password 
[INFO ] 2024-06-06 15:19:40.603 [main] MyStore - clicked on login button
[INFO ] 2024-06-06 15:19:42.917 [main] MyStore - click on home icon
[INFO ] 2024-06-06 15:19:43.022 [main] MyStore - Added Mac to wishlist
[INFO ] 2024-06-06 15:19:45.123 [main] MyStore - Added APPLE PC to wishlist
[INFO ] 2024-06-06 15:19:47.221 [main] MyStore - Added IPHONE to wishlist
[INFO ] 2024-06-06 15:19:49.576 [main] MyStore - clciked on wishlist cart
[INFO ] 2024-06-06 15:19:49.826 [main] MyStore - clicked on My account option
[INFO ] 2024-06-06 15:19:52.179 [main] MyStore - clicked on logout 
[INFO ] 2024-06-06 15:19:52.180 [main] MyStore - ***************TestCase ADD TO WISHLIST ENDS*****************
Name of test method sucessfully executed:AddToWishList
]]></system-out>
    <system-err><![CDATA[Jun 06, 2024 3:19:38 PM org.openqa.selenium.devtools.CdpVersionFinder findNearestMatch
WARNING: Unable to find an exact match for CDP version 125, returning the closest version; found: 123; Please update to a Selenium version that supports CDP version 125
]]></system-err>
  </testcase>
  <testcase name="RemoveprdtfrmWishList[ramesh1234@gmail.com, 123456789](1)" classname="mystore.testcases.TC_AddProductToWishlist" time="11.279">
    <system-out><![CDATA[1
2
ramesh1234@gmail.com
123456789
Name of test method started:RemoveprdtfrmWishList
[INFO ] 2024-06-06 15:19:52.301 [main] MyStore - ***************TestCase Remove Product FROM Wishlist STARTS*****************
[INFO ] 2024-06-06 15:19:52.381 [main] MyStore - Clicked on MyAccount button
[INFO ] 2024-06-06 15:19:52.651 [main] MyStore - Clicked on Loginbutton
[INFO ] 2024-06-06 15:19:52.820 [main] MyStore - Entered Email id 
[INFO ] 2024-06-06 15:19:52.999 [main] MyStore - Entered password 
[INFO ] 2024-06-06 15:19:53.511 [main] MyStore - clicked on login button
[INFO ] 2024-06-06 15:19:55.782 [main] MyStore - clicked on wishlist cart
[INFO ] 2024-06-06 15:19:58.200 [main] MyStore - Removed iphone from cart
[INFO ] 2024-06-06 15:20:00.709 [main] MyStore - Removed macbook from cart
[INFO ] 2024-06-06 15:20:03.578 [main] MyStore - Removed Apple Pc from cart
[INFO ] 2024-06-06 15:20:03.579 [main] MyStore - ***************TestCase Remove Product FROM Wishlist ENDS*****************
Name of test method sucessfully executed:RemoveprdtfrmWishList
]]></system-out>
  </testcase>
  <testcase name="AddToCart[ramesh1234@gmail.com, 123456789](1)" classname="mystore.testcases.TC_BuyProduct" time="3.118">
    <system-out><![CDATA[1
2
ramesh1234@gmail.com
123456789
Name of test method started:AddToCart
[INFO ] 2024-06-06 15:20:07.211 [main] MyStore - ***************TestCase ADD TO CART STARTS*****************
[INFO ] 2024-06-06 15:20:07.343 [main] MyStore - Clicked on MyAccount button
[INFO ] 2024-06-06 15:20:07.609 [main] MyStore - Clicked on Loginbutton
[INFO ] 2024-06-06 15:20:07.871 [main] MyStore - Entered Email id 
[INFO ] 2024-06-06 15:20:07.980 [main] MyStore - Entered password 
[INFO ] 2024-06-06 15:20:08.465 [main] MyStore - Clicked on login button
[INFO ] 2024-06-06 15:20:08.835 [main] MyStore - clicked on camera option
[INFO ] 2024-06-06 15:20:09.275 [main] MyStore - Clicked on nikoncamera
[INFO ] 2024-06-06 15:20:09.385 [main] MyStore - Clicked on addtocart buttn
[INFO ] 2024-06-06 15:20:09.690 [main] MyStore - Clicked on shoppingcartoption
[INFO ] 2024-06-06 15:20:09.904 [main] MyStore - Clicked on MyAccount button
[INFO ] 2024-06-06 15:20:10.269 [main] MyStore - Clicked on Logout button
[INFO ] 2024-06-06 15:20:10.330 [main] MyStore - testcase passed
[INFO ] 2024-06-06 15:20:10.330 [main] MyStore - ***************TestCase ADDTO CART ENDS*****************
Name of test method sucessfully executed:AddToCart
]]></system-out>
    <system-err><![CDATA[Jun 06, 2024 3:20:05 PM org.openqa.selenium.devtools.CdpVersionFinder findNearestMatch
WARNING: Unable to find an exact match for CDP version 125, returning the closest version; found: 123; Please update to a Selenium version that supports CDP version 125
]]></system-err>
  </testcase>
  <testcase name="Edit_Information[ramesh1234@gmail.com, 123456789, ramesh123, vijay123, 8553745580](1)" classname="mystore.testcases.TC_Edit_information" time="7.385">
    <system-out><![CDATA[1
4
ramesh1234@gmail.com
123456789
bharat
devadiga
Name of test method started:checkout
[INFO ] 2024-06-06 15:20:10.405 [main] MyStore - ***************TestCase CHECKOUT  STARTS*****************
[INFO ] 2024-06-06 15:20:10.487 [main] MyStore - Clicked on MyAccount button
[INFO ] 2024-06-06 15:20:10.756 [main] MyStore - Clicked on Loginbutton
[INFO ] 2024-06-06 15:20:10.907 [main] MyStore - Entered Email id 
[INFO ] 2024-06-06 15:20:11.028 [main] MyStore - Entered password 
[INFO ] 2024-06-06 15:20:11.453 [main] MyStore - Clicked on login button
[INFO ] 2024-06-06 15:20:11.926 [main] MyStore - Clicked on shoppingcartoption
[INFO ] 2024-06-06 15:20:12.032 [main] MyStore - clicked on estimate shopping option
[INFO ] 2024-06-06 15:20:12.281 [main] MyStore - selected country
[INFO ] 2024-06-06 15:20:12.491 [main] MyStore - Selected region
[INFO ] 2024-06-06 15:20:12.612 [main] MyStore - Entered postalcode
[INFO ] 2024-06-06 15:20:12.704 [main] MyStore - clicked on quotes button
[INFO ] 2024-06-06 15:20:12.938 [main] MyStore - clicked on radio button
[INFO ] 2024-06-06 15:20:18.024 [main] MyStore - clicked on apply shipping option
[INFO ] 2024-06-06 15:20:18.035 [main] MyStore - scrolled the page
[INFO ] 2024-06-06 15:20:18.051 [main] MyStore - scrolled the page
[INFO ] 2024-06-06 15:20:18.474 [main] MyStore - clicked on checkout
Name of test method failed:checkout
Name of test method started:Edit_Information
[INFO ] 2024-06-06 15:20:41.192 [main] MyStore - ***************TestCase Edit INFORMATION  STARTS*****************
[INFO ] 2024-06-06 15:20:41.281 [main] MyStore - Clicked on MyAccount button
[INFO ] 2024-06-06 15:20:41.519 [main] MyStore - Clicked on Loginbutton
[INFO ] 2024-06-06 15:20:41.836 [main] MyStore - Entered Email id 
[INFO ] 2024-06-06 15:20:41.939 [main] MyStore - Entered password 
[INFO ] 2024-06-06 15:20:42.414 [main] MyStore - clicked on login button
[INFO ] 2024-06-06 15:20:45.099 [main] MyStore - clicked on Edit option
[INFO ] 2024-06-06 15:20:45.308 [main] MyStore - Entered first name
[INFO ] 2024-06-06 15:20:45.509 [main] MyStore - Entered last name
[INFO ] 2024-06-06 15:20:45.705 [main] MyStore - Entered Teleno
[INFO ] 2024-06-06 15:20:46.105 [main] MyStore - clicked on continue button
[INFO ] 2024-06-06 15:20:46.203 [main] MyStore - clicked on My account option
[INFO ] 2024-06-06 15:20:48.574 [main] MyStore - clicked on logout 
[INFO ] 2024-06-06 15:20:48.574 [main] MyStore - ***************TestCase Edit information Ends*****************
Name of test method sucessfully executed:Edit_Information
]]></system-out>
    <system-err><![CDATA[Jun 06, 2024 3:20:40 PM org.openqa.selenium.devtools.CdpVersionFinder findNearestMatch
WARNING: Unable to find an exact match for CDP version 125, returning the closest version; found: 123; Please update to a Selenium version that supports CDP version 125
]]></system-err>
  </testcase>
  <testcase name="ChangePassword[ramesh1234@gmail.com, 123456789, 123456789, 123456789](1)" classname="mystore.testcases.TC_Edit_information" time="4.238">
    <system-out><![CDATA[1
4
ramesh1234@gmail.com
123456789
123456789
123456789
Name of test method started:ChangePassword
[INFO ] 2024-06-06 15:20:48.661 [main] MyStore - ***************TestCase CHANGE PASSWORD  STARTS*****************
[INFO ] 2024-06-06 15:20:48.745 [main] MyStore - Clicked on MyAccount button
[INFO ] 2024-06-06 15:20:48.989 [main] MyStore - Clicked on Loginbutton
[INFO ] 2024-06-06 15:20:49.159 [main] MyStore - Entered Email id 
[INFO ] 2024-06-06 15:20:49.283 [main] MyStore - Entered password 
[INFO ] 2024-06-06 15:20:49.803 [main] MyStore - clicked on login button
[INFO ] 2024-06-06 15:20:52.122 [main] MyStore - clicked on passwod option
[INFO ] 2024-06-06 15:20:52.275 [main] MyStore - Enter change password
[INFO ] 2024-06-06 15:20:52.404 [main] MyStore - Enter confirm change password
[INFO ] 2024-06-06 15:20:52.899 [main] MyStore - click on continue button
[INFO ] 2024-06-06 15:20:52.899 [main] MyStore - ***************TestCase CHANGE PASSWORD  ENDS*****************
Name of test method sucessfully executed:ChangePassword
]]></system-out>
  </testcase>
  <testcase name="NavigationFlow[ramesh1234@gmail.com, 123456789](1)" classname="mystore.testcases.TC_NavigationFlow" time="5.371">
    <system-out><![CDATA[1
2
ramesh1234@gmail.com
123456789
Name of test method started:NavigationFlow
[INFO ] 2024-06-06 15:20:56.941 [main] MyStore - ***************TestCase NAVIGATION FLOW STARTS*****************
[INFO ] 2024-06-06 15:20:57.036 [main] MyStore - Clicked on MyAccount button
[INFO ] 2024-06-06 15:20:57.277 [main] MyStore - Clicked on Loginbutton
[INFO ] 2024-06-06 15:20:57.582 [main] MyStore - Entered Email id 
[INFO ] 2024-06-06 15:20:57.685 [main] MyStore - Entered password 
[INFO ] 2024-06-06 15:20:58.184 [main] MyStore - clicked on login button
[INFO ] 2024-06-06 15:20:58.611 [main] MyStore - clicked on editoption
[INFO ] 2024-06-06 15:20:58.912 [main] MyStore - clicked on Password
[INFO ] 2024-06-06 15:20:59.229 [main] MyStore - clicked on Address_Book
[INFO ] 2024-06-06 15:20:59.539 [main] MyStore - clicked on wishlist
[INFO ] 2024-06-06 15:20:59.840 [main] MyStore - clicked on order_history
[INFO ] 2024-06-06 15:21:00.150 [main] MyStore - clicked on downloads
[INFO ] 2024-06-06 15:21:00.527 [main] MyStore - clicked on RecurringPayments
[INFO ] 2024-06-06 15:21:00.975 [main] MyStore - clicked on Rewards
[INFO ] 2024-06-06 15:21:01.265 [main] MyStore - clicked on Returns
[INFO ] 2024-06-06 15:21:01.562 [main] MyStore - clicked on Transactions
[INFO ] 2024-06-06 15:21:01.858 [main] MyStore - clicked on NewsLetter
[INFO ] 2024-06-06 15:21:02.310 [main] MyStore - clicked on logout
[INFO ] 2024-06-06 15:21:02.311 [main] MyStore - ***************TestCase NAVIGATION FLOW ENDS*****************
Name of test method sucessfully executed:NavigationFlow
]]></system-out>
    <system-err><![CDATA[Jun 06, 2024 3:20:56 PM org.openqa.selenium.devtools.CdpVersionFinder findNearestMatch
WARNING: Unable to find an exact match for CDP version 125, returning the closest version; found: 123; Please update to a Selenium version that supports CDP version 125
]]></system-err>
  </testcase>
  <testcase name="RemoveAddressHistory[ramesh1234@gmail.com, 123456789](1)" classname="mystore.testcases.TC_RemoveAddressHistory" time="6.999">
    <system-out><![CDATA[1
2
ramesh1234@gmail.com
123456789
Name of test method started:RemoveAddressHistory
[INFO ] 2024-06-06 15:21:04.797 [main] MyStore - ***************TestCase Remove Address History STARTS*****************
[INFO ] 2024-06-06 15:21:04.916 [main] MyStore - Clicked on MyAccount button
[INFO ] 2024-06-06 15:21:05.162 [main] MyStore - Clicked on Loginbutton
[INFO ] 2024-06-06 15:21:05.397 [main] MyStore - Entered Email id 
[INFO ] 2024-06-06 15:21:05.505 [main] MyStore - Entered password 
[INFO ] 2024-06-06 15:21:05.998 [main] MyStore - clicked on login button
[INFO ] 2024-06-06 15:21:08.332 [main] MyStore - clicked on address book option 
[INFO ] 2024-06-06 15:21:11.797 [main] MyStore - ***************TestCase Address History Ends*****************
Name of test method sucessfully executed:RemoveAddressHistory
]]></system-out>
    <system-err><![CDATA[Jun 06, 2024 3:21:03 PM org.openqa.selenium.devtools.CdpVersionFinder findNearestMatch
WARNING: Unable to find an exact match for CDP version 125, returning the closest version; found: 123; Please update to a Selenium version that supports CDP version 125
]]></system-err>
  </testcase>
  <testcase name="searchvalidproduct[Hp](1)" classname="mystore.testcases.TC_Searchproduct" time="0.509">
    <system-out><![CDATA[1
1
Hp
Name of test method started:searchvalidproduct
[INFO ] 2024-06-06 15:21:14.386 [main] MyStore - ***************TestCase search validproduct starts*****************
[INFO ] 2024-06-06 15:21:14.577 [main] MyStore - Entered product name
[INFO ] 2024-06-06 15:21:14.858 [main] MyStore - Clicked on the searchbutton
[INFO ] 2024-06-06 15:21:14.893 [main] MyStore - ***************TestCase search validproduct Ends*****************
Name of test method sucessfully executed:searchvalidproduct
]]></system-out>
    <system-err><![CDATA[Jun 06, 2024 3:21:13 PM org.openqa.selenium.devtools.CdpVersionFinder findNearestMatch
WARNING: Unable to find an exact match for CDP version 125, returning the closest version; found: 123; Please update to a Selenium version that supports CDP version 125
]]></system-err>
  </testcase>
  <testcase name="searchinvalidproduct[Honda](1)" classname="mystore.testcases.TC_Searchproduct" time="0.45">
    <system-out><![CDATA[1
1
Honda
Name of test method started:searchinvalidproduct
[INFO ] 2024-06-06 15:21:14.947 [main] MyStore - ***************TestCase search  invalidproduct starts*****************
[INFO ] 2024-06-06 15:21:15.131 [main] MyStore - Entered product name
[INFO ] 2024-06-06 15:21:15.363 [main] MyStore - Clicked on the searchbutton
[INFO ] 2024-06-06 15:21:15.397 [main] MyStore - ***************TestCase search invalidproduct Ends*****************
Name of test method sucessfully executed:searchinvalidproduct
]]></system-out>
  </testcase>
</testsuite>