<?xml version="1.0" encoding="UTF-8"?>
<testsuite xmlns:xsi="http://www.w3.org/2001/XMLSchema-instance" xsi:noNamespaceSchemaLocation="https://maven.apache.org/surefire/maven-surefire-plugin/xsd/surefire-test-report-3.0.xsd" version="3.0" name="mystore.testcases.TC_Searchproduct" time="7.123" tests="2" errors="0" skipped="0" failures="0">
  <properties>
[...]
</properties>
  <testcase name="searchvalidproduct[Hp](1)" classname="mystore.testcases.TC_Searchproduct" time="0.708">
    <system-out><![CDATA[1
1
Hp
[INFO ] 2024-06-05 15:37:58.876 [main] MyStore - ***************TestCase search validproduct starts*****************
[INFO ] 2024-06-05 15:37:59.092 [main] MyStore - Entered product name
[INFO ] 2024-06-05 15:37:59.467 [main] MyStore - Clicked on the searchbutton
[INFO ] 2024-06-05 15:37:59.538 [main] MyStore - ***************TestCase search validproduct Ends*****************
]]></system-out>
    <system-err><![CDATA[SLF4J: Failed to load class "org.slf4j.impl.StaticLoggerBinder".
SLF4J: Defaulting to no-operation (NOP) logger implementation
SLF4J: See http://www.slf4j.org/codes.html#StaticLoggerBinder for further details.
Jun 05, 2024 3:37:56 PM org.openqa.selenium.devtools.CdpVersionFinder findNearestMatch
WARNING: Unable to find an exact match for CDP version 125, returning the closest version; found: 123; Please update to a Selenium version that supports CDP version 125
]]></system-err>
  </testcase>
  <testcase name="searchinvalidproduct[Honda](1)" classname="mystore.testcases.TC_Searchproduct" time="0.435">
    <system-out><![CDATA[1
1
Honda
[INFO ] 2024-06-05 15:37:59.668 [main] MyStore - ***************TestCase search  invalidproduct starts*****************
[INFO ] 2024-06-05 15:37:59.824 [main] MyStore - Entered product name
[INFO ] 2024-06-05 15:38:00.063 [main] MyStore - Clicked on the searchbutton
[INFO ] 2024-06-05 15:38:00.106 [main] MyStore - ***************TestCase search invalidproduct Ends*****************
]]></system-out>
  </testcase>
</testsuite>