<?xml version="1.0" encoding="UTF-8"?>
<testng-results ignored="0" total="12" passed="11" failed="1" skipped="0">
  <reporter-output>
  </reporter-output>
  <suite started-at="2024-06-06T15:19:27 IST" name="All Test Suite" finished-at="2024-06-06T15:21:15 IST" duration-ms="108201">
    <groups>
    </groups>
    <test started-at="2024-06-06T15:19:27 IST" name="D:/mystorebharat/mystoreBharat" finished-at="2024-06-06T15:21:15 IST" duration-ms="108201">
      <class name="mystore.testcases.TC_RemoveAddressHistory">
        <test-method is-config="true" signature="setup()[pri:0, instance:mystore.testcases.TC_RemoveAddressHistory@4567f35d]" started-at="2024-06-06T15:21:02 IST" name="setup" finished-at="2024-06-06T15:21:04 IST" duration-ms="2157" status="PASS">
          <reporter-output>
          </reporter-output>
        </test-method> <!-- setup -->
        <test-method signature="RemoveAddressHistory(java.lang.String,java.lang.String)[pri:2, instance:mystore.testcases.TC_RemoveAddressHistory@4567f35d]" started-at="2024-06-06T15:21:04 IST" name="RemoveAddressHistory" data-provider="datasupplier" finished-at="2024-06-06T15:21:11 IST" duration-ms="7000" status="PASS">
          <params>
            <param index="0">
              <value>
                <![CDATA[ramesh1234@gmail.com]]>
              </value>
            </param>
            <param index="1">
              <value>
                <![CDATA[123456789]]>
              </value>
            </param>
          </params>
          <reporter-output>
          </reporter-output>
        </test-method> <!-- RemoveAddressHistory -->
        <test-method is-config="true" signature="teardown()[pri:0, instance:mystore.testcases.TC_RemoveAddressHistory@4567f35d]" started-at="2024-06-06T15:21:11 IST" name="teardown" finished-at="2024-06-06T15:21:12 IST" duration-ms="267" status="PASS">
          <reporter-output>
          </reporter-output>
        </test-method> <!-- teardown -->
      </class> <!-- mystore.testcases.TC_RemoveAddressHistory -->
      <class name="mystore.testcases.TC_AccountLogin">
        <test-method is-config="true" signature="setup()[pri:0, instance:mystore.testcases.TC_AccountLogin@3ce1e309]" started-at="2024-06-06T15:19:27 IST" name="setup" finished-at="2024-06-06T15:19:31 IST" duration-ms="3689" status="PASS">
          <reporter-output>
          </reporter-output>
        </test-method> <!-- setup -->
        <test-method signature="verifylogin(java.lang.String,java.lang.String,java.lang.String,java.lang.String)[pri:1, instance:mystore.testcases.TC_AccountLogin@3ce1e309]" started-at="2024-06-06T15:19:32 IST" name="verifylogin" data-provider="datasupplier" finished-at="2024-06-06T15:19:35 IST" duration-ms="2507" status="PASS">
          <params>
            <param index="0">
              <value>
                <![CDATA[devadiga]]>
              </value>
            </param>
            <param index="1">
              <value>
                <![CDATA[8553745510]]>
              </value>
            </param>
            <param index="2">
              <value>
                <![CDATA[123456789]]>
              </value>
            </param>
            <param index="3">
              <value>
                <![CDATA[123456789]]>
              </value>
            </param>
          </params>
          <reporter-output>
          </reporter-output>
        </test-method> <!-- verifylogin -->
        <test-method signature="LoginTest(java.lang.String,java.lang.String)[pri:2, instance:mystore.testcases.TC_AccountLogin@3ce1e309]" started-at="2024-06-06T15:19:35 IST" name="LoginTest" data-provider="datasupplier" finished-at="2024-06-06T15:19:36 IST" duration-ms="1534" status="PASS">
          <params>
            <param index="0">
              <value>
                <![CDATA[devadigab@gmail.com]]>
              </value>
            </param>
            <param index="1">
              <value>
                <![CDATA[123456789]]>
              </value>
            </param>
          </params>
          <reporter-output>
          </reporter-output>
        </test-method> <!-- LoginTest -->
        <test-method is-config="true" signature="teardown()[pri:0, instance:mystore.testcases.TC_AccountLogin@3ce1e309]" started-at="2024-06-06T15:19:36 IST" name="teardown" finished-at="2024-06-06T15:19:37 IST" duration-ms="285" status="PASS">
          <reporter-output>
          </reporter-output>
        </test-method> <!-- teardown -->
      </class> <!-- mystore.testcases.TC_AccountLogin -->
      <class name="mystore.testcases.TC_Searchproduct">
        <test-method is-config="true" signature="setup()[pri:0, instance:mystore.testcases.TC_Searchproduct@5ffead27]" started-at="2024-06-06T15:21:12 IST" name="setup" finished-at="2024-06-06T15:21:14 IST" duration-ms="2253" status="PASS">
          <reporter-output>
          </reporter-output>
        </test-method> <!-- setup -->
        <test-method signature="searchvalidproduct(java.lang.String)[pri:1, instance:mystore.testcases.TC_Searchproduct@5ffead27]" started-at="2024-06-06T15:21:14 IST" name="searchvalidproduct" data-provider="datasupplier" finished-at="2024-06-06T15:21:14 IST" duration-ms="511" status="PASS">
          <params>
            <param index="0">
              <value>
                <![CDATA[Hp]]>
              </value>
            </param>
          </params>
          <reporter-output>
          </reporter-output>
        </test-method> <!-- searchvalidproduct -->
        <test-method signature="searchinvalidproduct(java.lang.String)[pri:2, instance:mystore.testcases.TC_Searchproduct@5ffead27]" started-at="2024-06-06T15:21:14 IST" name="searchinvalidproduct" data-provider="datasupplier" finished-at="2024-06-06T15:21:15 IST" duration-ms="451" status="PASS">
          <params>
            <param index="0">
              <value>
                <![CDATA[Honda]]>
              </value>
            </param>
          </params>
          <reporter-output>
          </reporter-output>
        </test-method> <!-- searchinvalidproduct -->
        <test-method is-config="true" signature="teardown()[pri:0, instance:mystore.testcases.TC_Searchproduct@5ffead27]" started-at="2024-06-06T15:21:15 IST" name="teardown" finished-at="2024-06-06T15:21:15 IST" duration-ms="205" status="PASS">
          <reporter-output>
          </reporter-output>
        </test-method> <!-- teardown -->
      </class> <!-- mystore.testcases.TC_Searchproduct -->
      <class name="mystore.testcases.TC_BuyProduct">
        <test-method is-config="true" signature="setup()[pri:0, instance:mystore.testcases.TC_BuyProduct@44ebcd03]" started-at="2024-06-06T15:20:03 IST" name="setup" finished-at="2024-06-06T15:20:07 IST" duration-ms="3235" status="PASS">
          <reporter-output>
          </reporter-output>
        </test-method> <!-- setup -->
        <test-method signature="AddToCart(java.lang.String,java.lang.String)[pri:1, instance:mystore.testcases.TC_BuyProduct@44ebcd03]" started-at="2024-06-06T15:20:07 IST" name="AddToCart" data-provider="datasupplier" finished-at="2024-06-06T15:20:10 IST" duration-ms="3120" status="PASS">
          <params>
            <param index="0">
              <value>
                <![CDATA[ramesh1234@gmail.com]]>
              </value>
            </param>
            <param index="1">
              <value>
                <![CDATA[123456789]]>
              </value>
            </param>
          </params>
          <reporter-output>
          </reporter-output>
        </test-method> <!-- AddToCart -->
        <test-method signature="checkout(java.lang.String,java.lang.String,java.lang.String,java.lang.String)[pri:2, instance:mystore.testcases.TC_BuyProduct@44ebcd03]" started-at="2024-06-06T15:20:10 IST" name="checkout" data-provider="datasupplier" finished-at="2024-06-06T15:20:38 IST" duration-ms="28143" status="FAIL">
          <params>
            <param index="0">
              <value>
                <![CDATA[ramesh1234@gmail.com]]>
              </value>
            </param>
            <param index="1">
              <value>
                <![CDATA[123456789]]>
              </value>
            </param>
            <param index="2">
              <value>
                <![CDATA[bharat]]>
              </value>
            </param>
            <param index="3">
              <value>
                <![CDATA[devadiga]]>
              </value>
            </param>
          </params>
          <exception class="org.openqa.selenium.NoSuchElementException">
            <message>
              <![CDATA[no such element: Unable to locate element: {"method":"xpath","selector":"//*[@name='payment_address' and contains(@value, 'new')]"}
  (Session info: chrome=125.0.6422.142)
For documentation on this error, please visit: https://www.selenium.dev/documentation/webdriver/troubleshooting/errors#no-such-element-exception
Build info: version: '4.19.1', revision: 'abe0ee07dc'
System info: os.name: 'Windows 10', os.arch: 'amd64', os.version: '10.0', java.version: '17.0.1'
Driver info: org.openqa.selenium.chrome.ChromeDriver
Command: [14d55aeba596ab3bdb51662f47e39a7e, findElement {value=//*[@name='payment_address' and contains(@value, 'new')], using=xpath}]
Capabilities {acceptInsecureCerts: false, browserName: chrome, browserVersion: 125.0.6422.142, chrome: {chromedriverVersion: 125.0.6422.141 (4b1e8393712..., userDataDir: C:\Users\BHARAT~1\AppData\L...}, fedcm:accounts: true, goog:chromeOptions: {debuggerAddress: localhost:55711}, networkConnectionEnabled: false, pageLoadStrategy: normal, platformName: windows, proxy: Proxy(), se:cdp: ws://localhost:55711/devtoo..., se:cdpVersion: 125.0.6422.142, setWindowRect: true, strictFileInteractability: false, timeouts: {implicit: 0, pageLoad: 300000, script: 30000}, unhandledPromptBehavior: dismiss and notify, webauthn:extension:credBlob: true, webauthn:extension:largeBlob: true, webauthn:extension:minPinLength: true, webauthn:extension:prf: true, webauthn:virtualAuthenticators: true}
Session ID: 14d55aeba596ab3bdb51662f47e39a7e]]>
            </message>
            <full-stacktrace>
              <![CDATA[org.openqa.selenium.NoSuchElementException: no such element: Unable to locate element: {"method":"xpath","selector":"//*[@name='payment_address' and contains(@value, 'new')]"}
  (Session info: chrome=125.0.6422.142)
For documentation on this error, please visit: https://www.selenium.dev/documentation/webdriver/troubleshooting/errors#no-such-element-exception
Build info: version: '4.19.1', revision: 'abe0ee07dc'
System info: os.name: 'Windows 10', os.arch: 'amd64', os.version: '10.0', java.version: '17.0.1'
Driver info: org.openqa.selenium.chrome.ChromeDriver
Command: [14d55aeba596ab3bdb51662f47e39a7e, findElement {value=//*[@name='payment_address' and contains(@value, 'new')], using=xpath}]
Capabilities {acceptInsecureCerts: false, browserName: chrome, browserVersion: 125.0.6422.142, chrome: {chromedriverVersion: 125.0.6422.141 (4b1e8393712..., userDataDir: C:\Users\BHARAT~1\AppData\L...}, fedcm:accounts: true, goog:chromeOptions: {debuggerAddress: localhost:55711}, networkConnectionEnabled: false, pageLoadStrategy: normal, platformName: windows, proxy: Proxy(), se:cdp: ws://localhost:55711/devtoo..., se:cdpVersion: 125.0.6422.142, setWindowRect: true, strictFileInteractability: false, timeouts: {implicit: 0, pageLoad: 300000, script: 30000}, unhandledPromptBehavior: dismiss and notify, webauthn:extension:credBlob: true, webauthn:extension:largeBlob: true, webauthn:extension:minPinLength: true, webauthn:extension:prf: true, webauthn:virtualAuthenticators: true}
Session ID: 14d55aeba596ab3bdb51662f47e39a7e
at java.base/jdk.internal.reflect.NativeConstructorAccessorImpl.newInstance0(Native Method)
at java.base/jdk.internal.reflect.NativeConstructorAccessorImpl.newInstance(NativeConstructorAccessorImpl.java:77)
at java.base/jdk.internal.reflect.DelegatingConstructorAccessorImpl.newInstance(DelegatingConstructorAccessorImpl.java:45)
at java.base/java.lang.reflect.Constructor.newInstanceWithCaller(Constructor.java:499)
at java.base/java.lang.reflect.Constructor.newInstance(Constructor.java:480)
at org.openqa.selenium.remote.ErrorCodec.decode(ErrorCodec.java:167)
at org.openqa.selenium.remote.codec.w3c.W3CHttpResponseCodec.decode(W3CHttpResponseCodec.java:138)
at org.openqa.selenium.remote.codec.w3c.W3CHttpResponseCodec.decode(W3CHttpResponseCodec.java:50)
at org.openqa.selenium.remote.HttpCommandExecutor.execute(HttpCommandExecutor.java:190)
at org.openqa.selenium.remote.service.DriverCommandExecutor.invokeExecute(DriverCommandExecutor.java:216)
at org.openqa.selenium.remote.service.DriverCommandExecutor.execute(DriverCommandExecutor.java:174)
at org.openqa.selenium.remote.RemoteWebDriver.execute(RemoteWebDriver.java:518)
at org.openqa.selenium.remote.ElementLocation$ElementFinder$2.findElement(ElementLocation.java:165)
at org.openqa.selenium.remote.ElementLocation.findElement(ElementLocation.java:59)
at org.openqa.selenium.remote.RemoteWebDriver.findElement(RemoteWebDriver.java:355)
at org.openqa.selenium.remote.RemoteWebDriver.findElement(RemoteWebDriver.java:349)
at org.openqa.selenium.support.pagefactory.DefaultElementLocator.findElement(DefaultElementLocator.java:68)
at org.openqa.selenium.support.pagefactory.internal.LocatingElementHandler.invoke(LocatingElementHandler.java:38)
at jdk.proxy2/jdk.proxy2.$Proxy25.click(Unknown Source)
at pageobjects.checkoutpage.clickonnewaddressbtn(checkoutpage.java:149)
at mystore.testcases.TC_BuyProduct.checkout(TC_BuyProduct.java:103)
at java.base/jdk.internal.reflect.NativeMethodAccessorImpl.invoke0(Native Method)
at java.base/jdk.internal.reflect.NativeMethodAccessorImpl.invoke(NativeMethodAccessorImpl.java:77)
at java.base/jdk.internal.reflect.DelegatingMethodAccessorImpl.invoke(DelegatingMethodAccessorImpl.java:43)
at java.base/java.lang.reflect.Method.invoke(Method.java:568)
at org.testng.internal.invokers.MethodInvocationHelper.invokeMethod(MethodInvocationHelper.java:139)
at org.testng.internal.invokers.TestInvoker.invokeMethod(TestInvoker.java:677)
at org.testng.internal.invokers.TestInvoker.invokeTestMethod(TestInvoker.java:221)
at org.testng.internal.invokers.MethodRunner.runInSequence(MethodRunner.java:50)
at org.testng.internal.invokers.TestInvoker$MethodInvocationAgent.invoke(TestInvoker.java:969)
at org.testng.internal.invokers.TestInvoker.invokeTestMethods(TestInvoker.java:194)
at org.testng.internal.invokers.TestMethodWorker.invokeTestMethods(TestMethodWorker.java:148)
at org.testng.internal.invokers.TestMethodWorker.run(TestMethodWorker.java:128)
at java.base/java.util.ArrayList.forEach(ArrayList.java:1511)
at org.testng.TestRunner.privateRun(TestRunner.java:829)
at org.testng.TestRunner.run(TestRunner.java:602)
at org.testng.SuiteRunner.runTest(SuiteRunner.java:437)
at org.testng.SuiteRunner.runSequentially(SuiteRunner.java:431)
at org.testng.SuiteRunner.privateRun(SuiteRunner.java:391)
at org.testng.SuiteRunner.run(SuiteRunner.java:330)
at org.testng.SuiteRunnerWorker.runSuite(SuiteRunnerWorker.java:52)
at org.testng.SuiteRunnerWorker.run(SuiteRunnerWorker.java:95)
at org.testng.TestNG.runSuitesSequentially(TestNG.java:1256)
at org.testng.TestNG.runSuitesLocally(TestNG.java:1176)
at org.testng.TestNG.runSuites(TestNG.java:1099)
at org.testng.TestNG.run(TestNG.java:1067)
at org.apache.maven.surefire.testng.TestNGExecutor.run(TestNGExecutor.java:324)
at org.apache.maven.surefire.testng.TestNGXmlTestSuite.execute(TestNGXmlTestSuite.java:74)
at org.apache.maven.surefire.testng.TestNGProvider.invoke(TestNGProvider.java:123)
at org.apache.maven.surefire.booter.ForkedBooter.runSuitesInProcess(ForkedBooter.java:456)
at org.apache.maven.surefire.booter.ForkedBooter.execute(ForkedBooter.java:169)
at org.apache.maven.surefire.booter.ForkedBooter.run(ForkedBooter.java:595)
at org.apache.maven.surefire.booter.ForkedBooter.main(ForkedBooter.java:581)
]]>
            </full-stacktrace>
          </exception> <!-- org.openqa.selenium.NoSuchElementException -->
          <reporter-output>
          </reporter-output>
        </test-method> <!-- checkout -->
        <test-method is-config="true" signature="teardown()[pri:0, instance:mystore.testcases.TC_BuyProduct@44ebcd03]" started-at="2024-06-06T15:20:38 IST" name="teardown" finished-at="2024-06-06T15:20:38 IST" duration-ms="354" status="PASS">
          <reporter-output>
          </reporter-output>
        </test-method> <!-- teardown -->
      </class> <!-- mystore.testcases.TC_BuyProduct -->
      <class name="mystore.testcases.TC_Edit_information">
        <test-method is-config="true" signature="setup()[pri:0, instance:mystore.testcases.TC_Edit_information@694abbdc]" started-at="2024-06-06T15:20:38 IST" name="setup" finished-at="2024-06-06T15:20:41 IST" duration-ms="2277" status="PASS">
          <reporter-output>
          </reporter-output>
        </test-method> <!-- setup -->
        <test-method signature="Edit_Information(java.lang.String,java.lang.String,java.lang.String,java.lang.String,java.lang.String)[pri:1, instance:mystore.testcases.TC_Edit_information@694abbdc]" started-at="2024-06-06T15:20:41 IST" name="Edit_Information" data-provider="datasupply" finished-at="2024-06-06T15:20:48 IST" duration-ms="7383" status="PASS">
          <params>
            <param index="0">
              <value>
                <![CDATA[ramesh1234@gmail.com]]>
              </value>
            </param>
            <param index="1">
              <value>
                <![CDATA[123456789]]>
              </value>
            </param>
            <param index="2">
              <value>
                <![CDATA[ramesh123]]>
              </value>
            </param>
            <param index="3">
              <value>
                <![CDATA[vijay123]]>
              </value>
            </param>
            <param index="4">
              <value>
                <![CDATA[8553745580]]>
              </value>
            </param>
          </params>
          <reporter-output>
          </reporter-output>
        </test-method> <!-- Edit_Information -->
        <test-method signature="ChangePassword(java.lang.String,java.lang.String,java.lang.String,java.lang.String)[pri:2, instance:mystore.testcases.TC_Edit_information@694abbdc]" started-at="2024-06-06T15:20:48 IST" name="ChangePassword" data-provider="datasupplier" finished-at="2024-06-06T15:20:52 IST" duration-ms="4239" status="PASS">
          <params>
            <param index="0">
              <value>
                <![CDATA[ramesh1234@gmail.com]]>
              </value>
            </param>
            <param index="1">
              <value>
                <![CDATA[123456789]]>
              </value>
            </param>
            <param index="2">
              <value>
                <![CDATA[123456789]]>
              </value>
            </param>
            <param index="3">
              <value>
                <![CDATA[123456789]]>
              </value>
            </param>
          </params>
          <reporter-output>
          </reporter-output>
        </test-method> <!-- ChangePassword -->
        <test-method is-config="true" signature="teardown()[pri:0, instance:mystore.testcases.TC_Edit_information@694abbdc]" started-at="2024-06-06T15:20:52 IST" name="teardown" finished-at="2024-06-06T15:20:54 IST" duration-ms="1783" status="PASS">
          <reporter-output>
          </reporter-output>
        </test-method> <!-- teardown -->
      </class> <!-- mystore.testcases.TC_Edit_information -->
      <class name="mystore.testcases.TC_NavigationFlow">
        <test-method is-config="true" signature="setup()[pri:0, instance:mystore.testcases.TC_NavigationFlow@2e005c4b]" started-at="2024-06-06T15:20:54 IST" name="setup" finished-at="2024-06-06T15:20:56 IST" duration-ms="2198" status="PASS">
          <reporter-output>
          </reporter-output>
        </test-method> <!-- setup -->
        <test-method signature="NavigationFlow(java.lang.String,java.lang.String)[pri:1, instance:mystore.testcases.TC_NavigationFlow@2e005c4b]" started-at="2024-06-06T15:20:56 IST" name="NavigationFlow" data-provider="datasupplier" finished-at="2024-06-06T15:21:02 IST" duration-ms="5371" status="PASS">
          <params>
            <param index="0">
              <value>
                <![CDATA[ramesh1234@gmail.com]]>
              </value>
            </param>
            <param index="1">
              <value>
                <![CDATA[123456789]]>
              </value>
            </param>
          </params>
          <reporter-output>
          </reporter-output>
        </test-method> <!-- NavigationFlow -->
        <test-method is-config="true" signature="teardown()[pri:0, instance:mystore.testcases.TC_NavigationFlow@2e005c4b]" started-at="2024-06-06T15:21:02 IST" name="teardown" finished-at="2024-06-06T15:21:02 IST" duration-ms="253" status="PASS">
          <reporter-output>
          </reporter-output>
        </test-method> <!-- teardown -->
      </class> <!-- mystore.testcases.TC_NavigationFlow -->
      <class name="mystore.testcases.TC_AddProductToWishlist">
        <test-method is-config="true" signature="setup()[pri:0, instance:mystore.testcases.TC_AddProductToWishlist@323b36e0]" started-at="2024-06-06T15:19:37 IST" name="setup" finished-at="2024-06-06T15:19:39 IST" duration-ms="2182" status="PASS">
          <reporter-output>
          </reporter-output>
        </test-method> <!-- setup -->
        <test-method signature="AddToWishList(java.lang.String,java.lang.String)[pri:1, instance:mystore.testcases.TC_AddProductToWishlist@323b36e0]" started-at="2024-06-06T15:19:39 IST" name="AddToWishList" data-provider="datasupplier" finished-at="2024-06-06T15:19:52 IST" duration-ms="12895" status="PASS">
          <params>
            <param index="0">
              <value>
                <![CDATA[ramesh1234@gmail.com]]>
              </value>
            </param>
            <param index="1">
              <value>
                <![CDATA[123456789]]>
              </value>
            </param>
          </params>
          <reporter-output>
          </reporter-output>
        </test-method> <!-- AddToWishList -->
        <test-method signature="RemoveprdtfrmWishList(java.lang.String,java.lang.String)[pri:2, instance:mystore.testcases.TC_AddProductToWishlist@323b36e0]" started-at="2024-06-06T15:19:52 IST" name="RemoveprdtfrmWishList" data-provider="datasupplier" finished-at="2024-06-06T15:20:03 IST" duration-ms="11279" status="PASS">
          <params>
            <param index="0">
              <value>
                <![CDATA[ramesh1234@gmail.com]]>
              </value>
            </param>
            <param index="1">
              <value>
                <![CDATA[123456789]]>
              </value>
            </param>
          </params>
          <reporter-output>
          </reporter-output>
        </test-method> <!-- RemoveprdtfrmWishList -->
        <test-method is-config="true" signature="teardown()[pri:0, instance:mystore.testcases.TC_AddProductToWishlist@323b36e0]" started-at="2024-06-06T15:20:03 IST" name="teardown" finished-at="2024-06-06T15:20:03 IST" duration-ms="298" status="PASS">
          <reporter-output>
          </reporter-output>
        </test-method> <!-- teardown -->
      </class> <!-- mystore.testcases.TC_AddProductToWishlist -->
    </test> <!-- D:/mystorebharat/mystoreBharat -->
  </suite> <!-- All Test Suite -->
</testng-results>
